K-FileManager/proguard/seeds.txt
com.kenny.KFileManager.R$anim
com.kenny.KFileManager.R$anim: int down_in
com.kenny.KFileManager.R$anim: int left_in
com.kenny.KFileManager.R$anim: int left_out
com.kenny.KFileManager.R$anim: int right_in
com.kenny.KFileManager.R$anim: int right_out
com.kenny.KFileManager.R$anim: int scale
com.kenny.KFileManager.R$anim: int up_out
com.kenny.KFileManager.R$anim: int zoom_enter
com.kenny.KFileManager.R$array
com.kenny.KFileManager.R$array: int Extension
com.kenny.KFileManager.R$array: int MimeType
com.kenny.KFileManager.R$array: int TextEncode
com.kenny.KFileManager.R$array: int UMageList
com.kenny.KFileManager.R$array: int UMgenderList
com.kenny.KFileManager.R$array: int array_suppotedmail
com.kenny.KFileManager.R$array: int fileType
com.kenny.KFileManager.R$array: int select_dialog_FontSize
com.kenny.KFileManager.R$array: int select_dialog_PalseMode
com.kenny.KFileManager.R$array: int select_dialog_ThemeMode
com.kenny.KFileManager.R$array: int viewSort
com.kenny.KFileManager.R$array: int viewStyle
com.kenny.KFileManager.R$attr
com.kenny.KFileManager.R$color
com.kenny.KFileManager.R$color: int AboutBG
com.kenny.KFileManager.R$color: int ContentBack
com.kenny.KFileManager.R$color: int ContentButtonBG
com.kenny.KFileManager.R$color: int ContentText
com.kenny.KFileManager.R$color: int ContentTitleBG
com.kenny.KFileManager.R$color: int ContentTitleText
com.kenny.KFileManager.R$color: int ContentToolBG
com.kenny.KFileManager.R$color: int CreateFile_BG
com.kenny.KFileManager.R$color: int CreateFile_RadioTextColor
com.kenny.KFileManager.R$color: int HomeItemBG
com.kenny.KFileManager.R$color: int HomeItemDesc
com.kenny.KFileManager.R$color: int HomeItemSelectbg
com.kenny.KFileManager.R$color: int HomeItemShowDescbg
com.kenny.KFileManager.R$color: int HomeItemTitle
com.kenny.KFileManager.R$color: int HomeItemTitlebg
com.kenny.KFileManager.R$color: int NetStatusTextColor
com.kenny.KFileManager.R$color: int Progress
com.kenny.KFileManager.R$color: int ProgressBG
com.kenny.KFileManager.R$color: int Secondary
com.kenny.KFileManager.R$color: int Setting_BG
com.kenny.KFileManager.R$color: int Setting_Button_Desc_TextColor
com.kenny.KFileManager.R$color: int Setting_Button_TextColor
com.kenny.KFileManager.R$color: int Setting_Desc_BG
com.kenny.KFileManager.R$color: int SideButtonBG
com.kenny.KFileManager.R$color: int TLSeparatorBG
com.kenny.KFileManager.R$color: int TLStatusText
com.kenny.KFileManager.R$color: int TLTitleText
com.kenny.KFileManager.R$color: int TypeListBG
...
cn.kuaipan.android.kss.KssUpload$RequestUploadInfo$RequestUploadState: cn.kuaipan.android.kss.KssUpload$RequestUploadInfo$RequestUploadState[] values()
cn.kuaipan.android.kss.KssUpload$RequestUploadInfo$RequestUploadState: cn.kuaipan.android.kss.KssUpload$RequestUploadInfo$RequestUploadState valueOf(java.lang.String)
cn.kuaipan.android.kss.appmaster.KuaiPanMaster$KPMasterResult: cn.kuaipan.android.kss.appmaster.KuaiPanMaster$KPMasterResult[] values()
cn.kuaipan.android.kss.appmaster.KuaiPanMaster$KPMasterResult: cn.kuaipan.android.kss.appmaster.KuaiPanMaster$KPMasterResult valueOf(java.lang.String)
cn.kuaipan.android.kss.appmaster.OpenApiMaster$KPMasterResult: cn.kuaipan.android.kss.appmaster.OpenApiMaster$KPMasterResult[] values()
cn.kuaipan.android.kss.appmaster.OpenApiMaster$KPMasterResult: cn.kuaipan.android.kss.appmaster.OpenApiMaster$KPMasterResult valueOf(java.lang.String)
cn.kuaipan.android.kss.appmaster._KuiapanAPIXmlParse$XMLSAXParserHandle$XMLElement: cn.kuaipan.android.kss.appmaster._KuiapanAPIXmlParse$XMLSAXParserHandle$XMLElement[] values()
cn.kuaipan.android.kss.appmaster._KuiapanAPIXmlParse$XMLSAXParserHandle$XMLElement: cn.kuaipan.android.kss.appmaster._KuiapanAPIXmlParse$XMLSAXParserHandle$XMLElement valueOf(java.lang.String)
cn.kuaipan.android.sdk.net.KPException$NetError: cn.kuaipan.android.sdk.net.KPException$NetError[] values()
cn.kuaipan.android.sdk.net.KPException$NetError: cn.kuaipan.android.sdk.net.KPException$NetError valueOf(java.lang.String)
cn.kuaipan.android.sdk.ui.KPLoginView
cn.kuaipan.android.sdk.ui.KPLoginView: KPLoginView()
cn.kuaipan.android.sdk.ui.KPLoginView: void onClick(android.view.View)
cn.kuaipan.android.sdk.ui.KPLoginView$4: void onClick(android.view.View)
cn.kuaipan.android.sdk.util.Util$ResType: cn.kuaipan.android.sdk.util.Util$ResType[] values()
cn.kuaipan.android.sdk.util.Util$ResType: cn.kuaipan.android.sdk.util.Util$ResType valueOf(java.lang.String)
cn.kuaipan.client.KuaipanAPI$ConvType: cn.kuaipan.client.KuaipanAPI$ConvType[] values()
cn.kuaipan.client.KuaipanAPI$ConvType: cn.kuaipan.client.KuaipanAPI$ConvType valueOf(java.lang.String)
cn.kuaipan.client.KuaipanAPI$ConvView: cn.kuaipan.client.KuaipanAPI$ConvView[] values()
cn.kuaipan.client.KuaipanAPI$ConvView: cn.kuaipan.client.KuaipanAPI$ConvView valueOf(java.lang.String)
cn.kuaipan.client.KuaipanAPI$HttpMethod: cn.kuaipan.client.KuaipanAPI$HttpMethod[] values()
cn.kuaipan.client.KuaipanAPI$HttpMethod: cn.kuaipan.client.KuaipanAPI$HttpMethod valueOf(java.lang.String)
cn.kuaipan.client.session.Session$Root: cn.kuaipan.client.session.Session$Root[] values()
cn.kuaipan.client.session.Session$Root: cn.kuaipan.client.session.Session$Root valueOf(java.lang.String)
com.baidu.mobstat.SendStrategyEnum
com.baidu.mobstat.SendStrategyEnum: com.baidu.mobstat.SendStrategyEnum[] values()
com.baidu.mobstat.SendStrategyEnum: com.baidu.mobstat.SendStrategyEnum valueOf(java.lang.String)
com.baidu.mobstat.StatActivity
com.baidu.mobstat.StatService
com.baidu.mobstat.a
com.baidu.mobstat.b
com.baidu.mobstat.c
com.baidu.mobstat.d
com.baidu.mobstat.e
com.baidu.mobstat.f
com.baidu.mobstat.g
com.baidu.mobstat.h
com.baidu.mobstat.i
com.baidu.mobstat.j
com.baidu.mobstat.k
com.baidu.mobstat.l
com.baidu.mobstat.m
com.baidu.mobstat.n
com.baidu.mobstat.o
com.baidu.mobstat.p
com.baidu.mobstat.q
com.framework.debugreport.BugReportActivity
com.framework.debugreport.BugReportActivity: BugReportActivity()
com.framework.debugreport.BugReportActivity$1: void onClick(android.view.View)
com.framework.debugreport.BugReportActivity$2: void onClick(android.view.View)
com.framework.event.ObjectLinearLayout
com.framework.event.ObjectLinearLayout: ObjectLinearLayout(android.content.Context,android.util.AttributeSet)
com.framework.main.Main
com.framework.main.Main: Main()
com.framework.page.AbsPage
com.framework.page.AbsPage: AbsPage(android.content.Context,android.util.AttributeSet)