K-FileManager/proguard/mapping.txt
com.kenny.KFileManager.R -> com.kenny.KFileManager.R:
com.kenny.KFileManager.R$anim -> com.kenny.KFileManager.R$anim:
    int down_in -> down_in
    int left_in -> left_in
    int left_out -> left_out
    int right_in -> right_in
    int right_out -> right_out
    int scale -> scale
    int up_out -> up_out
    int zoom_enter -> zoom_enter
com.kenny.KFileManager.R$array -> com.kenny.KFileManager.R$array:
    int Extension -> Extension
    int MimeType -> MimeType
    int TextEncode -> TextEncode
    int UMageList -> UMageList
    int UMgenderList -> UMgenderList
    int array_suppotedmail -> array_suppotedmail
    int fileType -> fileType
    int select_dialog_FontSize -> select_dialog_FontSize
    int select_dialog_PalseMode -> select_dialog_PalseMode
    int select_dialog_ThemeMode -> select_dialog_ThemeMode
    int viewSort -> viewSort
    int viewStyle -> viewStyle
com.kenny.KFileManager.R$attr -> com.kenny.KFileManager.R$attr:
com.kenny.KFileManager.R$color -> com.kenny.KFileManager.R$color:
    int AboutBG -> AboutBG
    int ContentBack -> ContentBack
    int ContentButtonBG -> ContentButtonBG
    int ContentText -> ContentText
    int ContentTitleBG -> ContentTitleBG
    int ContentTitleText -> ContentTitleText
    int ContentToolBG -> ContentToolBG
    int CreateFile_BG -> CreateFile_BG
    int CreateFile_RadioTextColor -> CreateFile_RadioTextColor
    int HomeItemBG -> HomeItemBG
    int HomeItemDesc -> HomeItemDesc
    int HomeItemSelectbg -> HomeItemSelectbg
    int HomeItemShowDescbg -> HomeItemShowDescbg
    int HomeItemTitle -> HomeItemTitle
    int HomeItemTitlebg -> HomeItemTitlebg
    int NetStatusTextColor -> NetStatusTextColor
    int Progress -> Progress
    int ProgressBG -> ProgressBG
    int Secondary -> Secondary
    int Setting_BG -> Setting_BG
    int Setting_Button_Desc_TextColor -> Setting_Button_Desc_TextColor
    int Setting_Button_TextColor -> Setting_Button_TextColor
    int Setting_Desc_BG -> Setting_Desc_BG
    int SideButtonBG -> SideButtonBG
    int TLSeparatorBG -> TLSeparatorBG
    int TLStatusText -> TLStatusText
    int TLTitleText -> TLTitleText
    int TypeListBG -> TypeListBG
    int back_ground -> back_ground
    int black -> black
    int btSetting_focusebg -> btSetting_focusebg
    int btSetting_state_pressed -> btSetting_state_pressed
    int color_background -> color_background
    int comm_msg_color -> comm_msg_color
com.kenny.KFileManager.R$drawable -> com.kenny.KFileManager.R$drawable:
    int addressbar_bg -> addressbar_bg
    int audio_ctrl_down_bg -> audio_ctrl_down_bg
    int audio_ctrl_up_bg -> audio_ctrl_up_bg
    int audio_list_bg -> audio_list_bg
    int audio_list_seprator -> audio_list_seprator
    int audio_next_nor -> audio_next_nor
    int audio_next_sel -> audio_next_sel
    int audio_pause -> audio_pause
    int audio_pause_sel -> audio_pause_sel
    int audio_play -> audio_play
    int audio_play_title -> audio_play_title
    int audio_playing_ind -> audio_playing_ind
    int audio_playlist_change -> audio_playlist_change
    int audio_prev_nor -> audio_prev_nor
    int audio_prev_sel -> audio_prev_sel
    int audio_repeat_nor -> audio_repeat_nor
    int audio_repeat_sel -> audio_repeat_sel
    int audio_repeat_sel_1 -> audio_repeat_sel_1
    int audio_rongtone_menu -> audio_rongtone_menu
    int audio_set_ringstone -> audio_set_ringstone
    int audio_shuffle_nor -> audio_shuffle_nor
    int audio_shuffle_sel -> audio_shuffle_sel
    int audio_song_pause -> audio_song_pause
    int audio_song_playing_nor -> audio_song_playing_nor
    int audio_title_bg -> audio_title_bg
    int bg -> bg
    int bg_tab_contact_normal -> bg_tab_contact_normal
    int bg_tab_contact_pressed -> bg_tab_contact_pressed
    int bg_tab_contact_select -> bg_tab_contact_select
    int blue_bg -> blue_bg
    int btn_default_nor -> btn_default_nor
...
org.apache.commons.net.ftp.parser.NetwareFTPEntryParser -> a.a.a.a.a.a.i:
    org.apache.commons.net.ftp.FTPFile parseFTPEntry(java.lang.String) -> a
    org.apache.commons.net.ftp.FTPClientConfig getDefaultConfiguration() -> a
org.apache.commons.net.ftp.parser.OS2FTPEntryParser -> a.a.a.a.a.a.j:
    org.apache.commons.net.ftp.FTPFile parseFTPEntry(java.lang.String) -> a
    org.apache.commons.net.ftp.FTPClientConfig getDefaultConfiguration() -> a
org.apache.commons.net.ftp.parser.OS400FTPEntryParser -> a.a.a.a.a.a.k:
    org.apache.commons.net.ftp.FTPFile parseFTPEntry(java.lang.String) -> a
    org.apache.commons.net.ftp.FTPClientConfig getDefaultConfiguration() -> a
org.apache.commons.net.ftp.parser.ParserInitializationException -> a.a.a.a.a.a.l:
    java.lang.Throwable rootCause -> a
org.apache.commons.net.ftp.parser.RegexFTPFileEntryParserImpl -> a.a.a.a.a.a.m:
    java.util.regex.Pattern pattern -> b
    java.util.regex.MatchResult result -> c
    java.util.regex.Matcher _matcher_ -> a
    boolean matches(java.lang.String) -> c
    java.lang.String group(int) -> a
    boolean setRegex(java.lang.String) -> d
org.apache.commons.net.ftp.parser.UnixFTPEntryParser -> a.a.a.a.a.a.n:
    org.apache.commons.net.ftp.FTPClientConfig NUMERIC_DATE_CONFIG -> b
    org.apache.commons.net.ftp.FTPFile parseFTPEntry(java.lang.String) -> a
    org.apache.commons.net.ftp.FTPClientConfig getDefaultConfiguration() -> a
org.apache.commons.net.ftp.parser.VMSFTPEntryParser -> a.a.a.a.a.a.o:
    org.apache.commons.net.ftp.FTPFile parseFTPEntry(java.lang.String) -> a
    java.lang.String readNextEntry(java.io.BufferedReader) -> a
    boolean isVersioning() -> b
    org.apache.commons.net.ftp.FTPClientConfig getDefaultConfiguration() -> a
org.apache.commons.net.ftp.parser.VMSVersioningFTPEntryParser -> a.a.a.a.a.a.p:
    java.util.regex.Pattern _preparse_pattern_ -> b
    java.util.List preParse(java.util.List) -> a
    boolean isVersioning() -> b
org.apache.commons.net.io.CopyStreamException -> a.a.a.a.b.a:
    long totalBytesTransferred -> a
    java.io.IOException ioException -> b
org.apache.commons.net.io.FromNetASCIIInputStream -> a.a.a.a.b.b:
    boolean _noConversionRequired -> a
    java.lang.String _lineSeparator -> b
    byte[] _lineSeparatorBytes -> c
    int __length -> d
    int __read() -> a
    int read() -> read
    int read(byte[]) -> read
    int read(byte[],int,int) -> read
    int available() -> available
org.apache.commons.net.io.ToNetASCIIOutputStream -> a.a.a.a.b.c:
    boolean __lastWasCR -> a
    void write(int) -> write
    void write(byte[]) -> write
    void write(byte[],int,int) -> write
org.apache.commons.net.io.Util -> a.a.a.a.b.d:
    long copyStream$31bd058b(java.io.InputStream,java.io.OutputStream,int) -> a
org.apache.commons.net.util.ListenerList -> a.a.a.a.c.a:
    java.util.concurrent.CopyOnWriteArrayList __listeners -> a
    int getListenerCount() -> a
    java.util.Iterator iterator() -> iterator
org.apache.poi.hpsf.ClassID -> a.a.b.a.a:
    byte[] bytes -> a
    byte[] read$1cf9d9ca(byte[]) -> b
    void write$49634b87(byte[]) -> a
    boolean equals(java.lang.Object) -> equals
    int hashCode() -> hashCode
    java.lang.String toString() -> toString
org.apache.poi.hwpf.model.CHPBinTable -> a.a.b.b.a.a:
    java.util.ArrayList _textRuns -> a
    java.util.List getTextRuns() -> a
org.apache.poi.hwpf.model.CHPFormattedDiskPage -> a.a.b.b.a.b:
    java.util.ArrayList _chpxList -> d
    org.apache.poi.hwpf.model.CHPX getCHPX(int) -> a
org.apache.poi.hwpf.model.CHPX -> a.a.b.b.a.c:
    byte[] getGrpprl() -> a
org.apache.poi.hwpf.model.CachedPropertyNode -> a.a.b.b.a.d:
org.apache.poi.hwpf.model.ComplexFileTable -> a.a.b.b.a.e:
    org.apache.poi.hwpf.model.TextPieceTable _tpt -> a
    org.apache.poi.hwpf.model.TextPieceTable getTextPieceTable() -> a