K-FileManager/proguard/usage.txt
com.kenny.KFileManager.BuildConfig
com.kenny.KFileManager.R:
    10:10:public R()
...
com.baidu.mobstat.g:
    public void a(int)
    public void a(android.content.Context,com.baidu.mobstat.SendStrategyEnum,int,boolean)
    public void a(boolean,android.content.Context)
com.framework.debugreport.BugReportActivity:
    static final java.lang.String STACKTRACE
com.framework.debugreport.UncaughtExceptionHandler
com.framework.event.BackToDeskEvent
com.framework.event.BackViewEvent:
    12:15:public BackViewEvent(int)
com.framework.event.DoNothingEvent
com.framework.event.ObjectLinearLayout:
    20:21:public void setInputPadShoworHideListener(com.framework.interfaces.InputpadShowOrHideListener)
com.framework.event.ParamEvent:
    protected java.util.Map map
com.framework.event.ShowOrHideInputpadEvent
com.framework.interfaces.IPageManage:
    public abstract void postInvalidate()
com.framework.interfaces.OptionDialogClickListener
com.framework.log.P:
    14:14:public P()
    73:74:public static void i(java.lang.String,java.lang.String)
com.framework.main.PageManage:
    42:51:public com.framework.page.AbsPage FindAbsPage(java.lang.Class)
    public abstract void Init(android.app.Activity,android.widget.ViewFlipper)
    150:159:public synchronized void postInvalidate()
com.framework.page.AbsPage:
    public static final int FIRST_PAGE
    public static final int SECOND_PAGE
    public com.framework.page.AbsPage parent
    65:65:public com.framework.page.AbsPage getThis()
    83:88:public void setCache(boolean)
    92:92:public boolean getCache()
    102:104:public void setLevel(int)
    108:108:public int getLevel()
    129:129:public java.lang.Object getObj()
    139:143:public void addHaveMenuView(android.view.View,android.widget.LinearLayout$LayoutParams,int)
    public abstract boolean onTouchEvent(android.view.MotionEvent)
    198:198:public void updataPage()
com.framework.page.AbsPage$LoadType
com.framework.page.MultiListPage
com.framework.page.PageAdapter
com.framework.syseng.KSysEng:
    56:67:public void cancel()
    82:82:public boolean IsDLEvent(java.lang.Runnable)
    131:137:public void DelDLEvent(com.framework.event.AbsEvent)
com.framework.syseng.SysEng:
    64:75:public void cancel()
    85:86:public void setListener(com.framework.callback.EventCallBack)
    132:133:public void addEvent(com.framework.event.AbsEvent,long)
    143:158:public void addHandlerEvent(com.framework.event.AbsEvent,long)
    161:161:public final boolean sendMessage(android.os.Message)
    198:205:public synchronized void addSynchEvent(com.framework.event.AbsEvent)
com.framework.syseng.SysEng$1
com.framework.util.CommLayer:
    5:5:public CommLayer()